<?xml version="1.0" encoding="UTF-8"?>
<!-- Generated by org.testng.reporters.JUnitReportReporter -->
<testsuite hostname="Deepak" failures="0" tests="2" name="testcases.TC1_FlipkartLaptopBuy" time="30.788" errors="0" timestamp="2024-03-10T17:33:26 IST" skipped="0">
  <testcase classname="testcases.TC1_FlipkartLaptopBuy" name="laptpbuying" time="14.929"/>
  <testcase classname="testcases.TC1_FlipkartLaptopBuy" name="laptpbuying" time="15.859"/>
</testsuite> <!-- testcases.TC1_FlipkartLaptopBuy -->
