<?xml version="1.0" encoding="UTF-8"?>
<!-- Generated by org.testng.reporters.JUnitReportReporter -->
<testsuite hostname="Deepak" failures="0" tests="1" name="testcases.TC1_FlipkartLaptopBuy" time="15.472" errors="0" timestamp="2024-03-10T12:40:42 IST" skipped="0">
  <testcase classname="testcases.TC1_FlipkartLaptopBuy" name="laptpbuying" time="15.472"/>
</testsuite> <!-- testcases.TC1_FlipkartLaptopBuy -->
