<?xml version="1.0" encoding="UTF-8"?>
<!-- Generated by org.testng.reporters.JUnitReportReporter -->
<testsuite hostname="Deepak" failures="0" tests="1" name="testcases.TC1_FlikartLaptopBuy" time="12.891" errors="0" timestamp="2024-03-09T14:09:03 IST" skipped="0">
  <testcase classname="testcases.TC1_FlikartLaptopBuy" name="laptpbuying" time="12.891"/>
</testsuite> <!-- testcases.TC1_FlikartLaptopBuy -->
